<?xml version="1.0" encoding="UTF-8"?>
<!-- Generated by org.testng.reporters.JUnitReportReporter -->
<testsuite hostname="mayankrusia" failures="0" tests="2" name="TS_010_searchbox.TC_SB" time="47.838" errors="0" timestamp="2024-02-29T12:08:21 IST" skipped="0">
  <testcase classname="TS_010_searchbox.TC_SB" name="SB_006" time="21.445"/>
  <testcase classname="TS_010_searchbox.TC_SB" name="SB_006" time="26.393"/>
</testsuite> <!-- TS_010_searchbox.TC_SB -->
