<?xml version="1.0" encoding="UTF-8"?>
<!-- Generated by org.testng.reporters.JUnitReportReporter -->
<testsuite hostname="mayankrusia" failures="0" tests="1" name="TS_018_DatePicker.TC_DF" time="29.985" errors="0" timestamp="2024-03-06T00:20:15 IST" skipped="0">
  <testcase classname="TS_018_DatePicker.TC_DF" name="DF_006" time="29.985"/>
</testsuite> <!-- TS_018_DatePicker.TC_DF -->
