<?xml version="1.0" encoding="UTF-8"?>
<!-- Generated by org.testng.reporters.JUnitReportReporter -->
<testsuite hostname="mayankrusia" failures="0" tests="1" name="TS_004_Country_dropdown.TC_CDD" time="24.211" errors="0" timestamp="2024-06-29T11:32:49 IST" skipped="0">
  <testcase classname="TS_004_Country_dropdown.TC_CDD" name="TC_CDD_006" time="24.211"/>
</testsuite> <!-- TS_004_Country_dropdown.TC_CDD -->
