<?xml version="1.0" encoding="UTF-8"?>
<!-- Generated by org.testng.reporters.JUnitReportReporter -->
<testsuite hostname="mayankrusia" failures="0" tests="3" name="TS_001_TextBoxes.TC_TB_001" time="5.804" errors="0" timestamp="2024-06-28T18:01:38 IST" skipped="0">
  <testcase classname="TS_001_TextBoxes.TC_TB_001" name="TB_001" time="1.941"/>
  <testcase classname="TS_001_TextBoxes.TC_TB_001" name="TB_001" time="1.552"/>
  <testcase classname="TS_001_TextBoxes.TC_TB_001" name="TB_001" time="2.311"/>
</testsuite> <!-- TS_001_TextBoxes.TC_TB_001 -->
