<?xml version="1.0" encoding="UTF-8"?>
<!-- Generated by org.testng.reporters.JUnitReportReporter -->
<testsuite hostname="mayankrusia" failures="0" tests="1" name="TS_013_drag_drop.TC_DragDrop" time="19.940" errors="0" timestamp="2024-06-29T19:29:19 IST" skipped="0">
  <testcase classname="TS_013_drag_drop.TC_DragDrop" name="DragDrop_007" time="19.940"/>
</testsuite> <!-- TS_013_drag_drop.TC_DragDrop -->
