<?xml version="1.0" encoding="UTF-8"?>
<!-- Generated by org.testng.reporters.JUnitReportReporter -->
<testsuite hostname="mayankrusia" failures="0" tests="1" name="TS_008_PaginationTable.TC_PT" time="17.358" errors="0" timestamp="2024-06-29T15:49:17 IST" skipped="0">
  <testcase classname="TS_008_PaginationTable.TC_PT" name="PT_007" time="17.358"/>
</testsuite> <!-- TS_008_PaginationTable.TC_PT -->
