<?xml version="1.0" encoding="UTF-8"?>
<!-- Generated by org.testng.reporters.JUnitReportReporter -->
<testsuite hostname="mayankrusia" failures="0" tests="3" name="TS_008_WebTable.TC_WT_001" time="25.793" errors="0" timestamp="2024-02-28T18:36:11 IST" skipped="0">
  <testcase classname="TS_008_WebTable.TC_WT_001" name="WT_001" time="8.878"/>
  <testcase classname="TS_008_WebTable.TC_WT_001" name="WT_001" time="7.813"/>
  <testcase classname="TS_008_WebTable.TC_WT_001" name="WT_001" time="9.102"/>
</testsuite> <!-- TS_008_WebTable.TC_WT_001 -->
