<?xml version="1.0" encoding="UTF-8"?>
<!-- Generated by org.testng.reporters.JUnitReportReporter -->
<testsuite hostname="mayankrusia" failures="0" tests="1" name="TS_019_FooterSection.TC_FS" time="23.264" errors="0" timestamp="2024-02-27T12:38:28 IST" skipped="0">
  <testcase classname="TS_019_FooterSection.TC_FS" name="FS_005" time="23.264"/>
</testsuite> <!-- TS_019_FooterSection.TC_FS -->
