<?xml version="1.0" encoding="UTF-8"?>
<!-- Generated by org.testng.reporters.JUnitReportReporter -->
<testsuite hostname="mayankrusia" failures="0" tests="1" name="TS_011_Button_openNewBrowsingWindow.TC_NBW" time="24.670" errors="0" timestamp="2024-02-27T23:38:45 IST" skipped="0">
  <testcase classname="TS_011_Button_openNewBrowsingWindow.TC_NBW" name="NBW_004" time="24.670"/>
</testsuite> <!-- TS_011_Button_openNewBrowsingWindow.TC_NBW -->
