<?xml version="1.0" encoding="UTF-8"?>
<!-- Generated by org.testng.reporters.JUnitReportReporter -->
<testsuite hostname="mayankrusia" failures="0" tests="3" name="TS_009_PaginationTable.TC_PT_001" time="24.731" errors="0" timestamp="2024-02-28T13:11:42 IST" skipped="0">
  <testcase classname="TS_009_PaginationTable.TC_PT_001" name="PT_001" time="6.545"/>
  <testcase classname="TS_009_PaginationTable.TC_PT_001" name="PT_001" time="6.116"/>
  <testcase classname="TS_009_PaginationTable.TC_PT_001" name="PT_001" time="12.070"/>
</testsuite> <!-- TS_009_PaginationTable.TC_PT_001 -->
