<?xml version="1.0" encoding="UTF-8"?>
<!-- Generated by org.testng.reporters.JUnitReportReporter -->
<testsuite hostname="mayankrusia" failures="0" tests="1" name="TS_013_doubleclickaction.TC_DC" time="17.145" errors="0" timestamp="2024-02-28T13:04:14 IST" skipped="0">
  <testcase classname="TS_013_doubleclickaction.TC_DC" name="DC_004" time="17.145"/>
</testsuite> <!-- TS_013_doubleclickaction.TC_DC -->
