<?xml version="1.0" encoding="UTF-8"?>
<!-- Generated by org.testng.reporters.JUnitReportReporter -->
<testsuite hostname="mayankrusia" failures="0" tests="3" name="TS_019_FooterSection.TC_FS_001" time="21.989" errors="0" timestamp="2024-02-27T09:05:47 IST" skipped="0">
  <testcase classname="TS_019_FooterSection.TC_FS_001" name="FS_001" time="7.470"/>
  <testcase classname="TS_019_FooterSection.TC_FS_001" name="FS_001" time="8.985"/>
  <testcase classname="TS_019_FooterSection.TC_FS_001" name="FS_001" time="5.534"/>
</testsuite> <!-- TS_019_FooterSection.TC_FS_001 -->
