<?xml version="1.0" encoding="UTF-8"?>
<!-- Generated by org.testng.reporters.JUnitReportReporter -->
<testsuite hostname="mayankrusia" failures="0" tests="1" name="TestScripts.TC_TB" time="10.559" errors="0" timestamp="2024-06-08T12:20:32 IST" skipped="0">
  <testcase classname="TestScripts.TC_TB" name="TB_006" time="10.559"/>
</testsuite> <!-- TestScripts.TC_TB -->
