<?xml version="1.0" encoding="UTF-8"?>
<!-- Generated by org.testng.reporters.JUnitReportReporter -->
<testsuite hostname="mayankrusia" failures="0" tests="3" name="TS_012_AlertBoxes.TC_AB_001" time="21.025" errors="0" timestamp="2024-02-28T00:12:59 IST" skipped="0">
  <testcase classname="TS_012_AlertBoxes.TC_AB_001" name="PT_001" time="6.219"/>
  <testcase classname="TS_012_AlertBoxes.TC_AB_001" name="PT_001" time="6.358"/>
  <testcase classname="TS_012_AlertBoxes.TC_AB_001" name="PT_001" time="8.448"/>
</testsuite> <!-- TS_012_AlertBoxes.TC_AB_001 -->
