<?xml version="1.0" encoding="UTF-8"?>
<!-- Generated by org.testng.reporters.JUnitReportReporter -->
<testsuite hostname="mayankrusia" failures="0" tests="1" name="TS_005_Colors_dropdown.TC_COLORDD" time="20.485" errors="0" timestamp="2024-06-29T13:41:27 IST" skipped="0">
  <testcase classname="TS_005_Colors_dropdown.TC_COLORDD" name="COLORDD_006" time="20.485"/>
</testsuite> <!-- TS_005_Colors_dropdown.TC_COLORDD -->
