<?xml version="1.0" encoding="UTF-8"?>
<!-- Generated by org.testng.reporters.JUnitReportReporter -->
<testsuite hostname="mayankrusia" failures="0" tests="3" name="TS_005_Colors_dropdown.TC_COLORDD_004" time="24.113" errors="0" timestamp="2024-02-26T12:09:13 IST" skipped="0">
  <testcase classname="TS_005_Colors_dropdown.TC_COLORDD_004" name="COLORDD_004" time="6.936"/>
  <testcase classname="TS_005_Colors_dropdown.TC_COLORDD_004" name="COLORDD_004" time="7.831"/>
  <testcase classname="TS_005_Colors_dropdown.TC_COLORDD_004" name="COLORDD_004" time="9.346"/>
</testsuite> <!-- TS_005_Colors_dropdown.TC_COLORDD_004 -->
