<?xml version="1.0" encoding="UTF-8"?>
<!-- Generated by org.testng.reporters.JUnitReportReporter -->
<testsuite hostname="mayankrusia" failures="0" tests="1" name="tests.TC_TB" time="15.435" errors="0" timestamp="2024-06-28T17:51:02 IST" skipped="0">
  <testcase classname="tests.TC_TB" name="TB_006" time="15.435"/>
</testsuite> <!-- tests.TC_TB -->
