<?xml version="1.0" encoding="UTF-8"?>
<!-- Generated by org.testng.reporters.JUnitReportReporter -->
<testsuite hostname="mayankrusia" failures="0" tests="2" name="TS_009_searchbox.TC_SB" time="30.619" errors="0" timestamp="2024-06-29T16:03:37 IST" skipped="0">
  <testcase classname="TS_009_searchbox.TC_SB" name="SB_006" time="13.338"/>
  <testcase classname="TS_009_searchbox.TC_SB" name="SB_006" time="17.281"/>
</testsuite> <!-- TS_009_searchbox.TC_SB -->
