<?xml version="1.0" encoding="UTF-8"?>
<!-- Generated by org.testng.reporters.JUnitReportReporter -->
<testsuite hostname="mayankrusia" failures="0" tests="3" name="TS_017_Frames.TC_FRAMES_007" time="22.029" errors="0" timestamp="2024-03-06T01:13:24 IST" skipped="0">
  <testcase classname="TS_017_Frames.TC_FRAMES_007" name="frames" time="5.888"/>
  <testcase classname="TS_017_Frames.TC_FRAMES_007" name="frames" time="9.121"/>
  <testcase classname="TS_017_Frames.TC_FRAMES_007" name="frames" time="7.020"/>
</testsuite> <!-- TS_017_Frames.TC_FRAMES_007 -->
