<?xml version="1.0" encoding="UTF-8"?>
<!-- Generated by org.testng.reporters.JUnitReportReporter -->
<testsuite hostname="mayankrusia" failures="0" tests="1" name="TestScripts.TextBox_001" time="2.856" errors="0" timestamp="2024-06-07T20:14:54 IST" skipped="0">
  <testcase classname="TestScripts.TextBox_001" name="test1" time="2.856"/>
</testsuite> <!-- TestScripts.TextBox_001 -->
