<?xml version="1.0" encoding="UTF-8"?>
<!-- Generated by org.testng.reporters.JUnitReportReporter -->
<testsuite hostname="mayankrusia" failures="0" tests="3" name="TS_011_AlertBoxes.TC_AB_001" time="27.278" errors="0" timestamp="2024-06-08T14:04:12 IST" skipped="0">
  <testcase classname="TS_011_AlertBoxes.TC_AB_001" name="PT_001" time="7.602"/>
  <testcase classname="TS_011_AlertBoxes.TC_AB_001" name="PT_001" time="11.167"/>
  <testcase classname="TS_011_AlertBoxes.TC_AB_001" name="PT_001" time="8.509"/>
</testsuite> <!-- TS_011_AlertBoxes.TC_AB_001 -->
