<?xml version="1.0" encoding="UTF-8"?>
<!-- Generated by org.testng.reporters.JUnitReportReporter -->
<testsuite hostname="mayankrusia" failures="0" tests="3" name="TS_017_DatePicker.TC_DF_001" time="0.534" errors="0" timestamp="2024-06-09T10:10:37 IST" skipped="0">
  <testcase classname="TS_017_DatePicker.TC_DF_001" name="DF_001" time="0.196"/>
  <testcase classname="TS_017_DatePicker.TC_DF_001" name="DF_001" time="0.170"/>
  <testcase classname="TS_017_DatePicker.TC_DF_001" name="DF_001" time="0.168"/>
</testsuite> <!-- TS_017_DatePicker.TC_DF_001 -->
