<?xml version="1.0" encoding="UTF-8"?>
<!-- Generated by org.testng.reporters.JUnitReportReporter -->
<testsuite hostname="mayankrusia" failures="0" tests="3" name="TS_016_resizable_window.TC_RW_001" time="24.299" errors="0" timestamp="2024-02-27T13:35:06 IST" skipped="0">
  <testcase classname="TS_016_resizable_window.TC_RW_001" name="RW_001" time="6.810"/>
  <testcase classname="TS_016_resizable_window.TC_RW_001" name="RW_001" time="10.778"/>
  <testcase classname="TS_016_resizable_window.TC_RW_001" name="RW_001" time="6.711"/>
</testsuite> <!-- TS_016_resizable_window.TC_RW_001 -->
