<?xml version="1.0" encoding="UTF-8"?>
<!-- Generated by org.testng.reporters.JUnitReportReporter -->
<testsuite hostname="mayankrusia" failures="0" tests="1" name="TS_006_Hyperlinks.TC_HL" time="17.226" errors="0" timestamp="2024-06-29T15:21:46 IST" skipped="0">
  <testcase classname="TS_006_Hyperlinks.TC_HL" name="HL_006" time="17.226"/>
</testsuite> <!-- TS_006_Hyperlinks.TC_HL -->
