<?xml version="1.0" encoding="UTF-8"?>
<!-- Generated by org.testng.reporters.JUnitReportReporter -->
<testsuite hostname="mayankrusia" failures="0" tests="1" name="TS_007_WebTable.TC_WT" time="25.515" errors="0" timestamp="2024-06-29T15:32:44 IST" skipped="0">
  <testcase classname="TS_007_WebTable.TC_WT" name="WT_003" time="25.515"/>
</testsuite> <!-- TS_007_WebTable.TC_WT -->
