<?xml version="1.0" encoding="UTF-8"?>
<!-- Generated by org.testng.reporters.JUnitReportReporter -->
<testsuite hostname="mayankrusia" failures="0" tests="3" name="TS_014_drag_drop.TC_DragDrop_001" time="20.218" errors="0" timestamp="2024-02-28T13:28:56 IST" skipped="0">
  <testcase classname="TS_014_drag_drop.TC_DragDrop_001" name="Drag_drop_001" time="7.726"/>
  <testcase classname="TS_014_drag_drop.TC_DragDrop_001" name="Drag_drop_001" time="6.962"/>
  <testcase classname="TS_014_drag_drop.TC_DragDrop_001" name="Drag_drop_001" time="5.530"/>
</testsuite> <!-- TS_014_drag_drop.TC_DragDrop_001 -->
