<?xml version="1.0" encoding="UTF-8"?>
<!-- Generated by org.testng.reporters.JUnitReportReporter -->
<testsuite hostname="mayankrusia" failures="0" tests="3" name="TS_015_slider.TC_Slider_001" time="18.844" errors="0" timestamp="2024-02-27T14:11:17 IST" skipped="0">
  <testcase classname="TS_015_slider.TC_Slider_001" name="Slider_001" time="6.019"/>
  <testcase classname="TS_015_slider.TC_Slider_001" name="Slider_001" time="5.891"/>
  <testcase classname="TS_015_slider.TC_Slider_001" name="Slider_001" time="6.934"/>
</testsuite> <!-- TS_015_slider.TC_Slider_001 -->
