<?xml version="1.0" encoding="UTF-8"?>
<!-- Generated by org.testng.reporters.JUnitReportReporter -->
<testsuite hostname="mayankrusia" failures="0" tests="3" name="TS_003_CheckBoxes.TC_CB_001" time="7.585" errors="0" timestamp="2024-06-28T21:49:04 IST" skipped="0">
  <testcase classname="TS_003_CheckBoxes.TC_CB_001" name="CB_001" time="0.542"/>
  <testcase classname="TS_003_CheckBoxes.TC_CB_001" name="CB_001" time="0.424"/>
  <testcase classname="TS_003_CheckBoxes.TC_CB_001" name="CB_001" time="6.619"/>
</testsuite> <!-- TS_003_CheckBoxes.TC_CB_001 -->
