<?xml version="1.0" encoding="UTF-8"?>
<!-- Generated by org.testng.reporters.JUnitReportReporter -->
<testsuite hostname="mayankrusia" failures="0" tests="3" name="TS_010_searchbox.TC_SB_001" time="21.519" errors="0" timestamp="2024-02-26T18:36:01 IST" skipped="0">
  <testcase classname="TS_010_searchbox.TC_SB_001" name="SB_001" time="4.397"/>
  <testcase classname="TS_010_searchbox.TC_SB_001" name="SB_001" time="10.700"/>
  <testcase classname="TS_010_searchbox.TC_SB_001" name="SB_001" time="6.422"/>
</testsuite> <!-- TS_010_searchbox.TC_SB_001 -->
