<?xml version="1.0" encoding="UTF-8"?>
<!-- Generated by org.testng.reporters.JUnitReportReporter -->
<testsuite hostname="mayankrusia" failures="0" tests="1" name="TS_018_FooterSection.TC_FS" time="14.666" errors="0" timestamp="2024-06-29T22:23:51 IST" skipped="0">
  <testcase classname="TS_018_FooterSection.TC_FS" name="FS_005" time="14.666"/>
</testsuite> <!-- TS_018_FooterSection.TC_FS -->
