<?xml version="1.0" encoding="UTF-8"?>
<!-- Generated by org.testng.reporters.JUnitReportReporter -->
<testsuite hostname="mayankrusia" failures="0" tests="3" name="TestScripts.TC_TB_001" time="37.583" errors="0" timestamp="2024-06-08T13:23:12 IST" skipped="0">
  <testcase classname="TestScripts.TC_TB_001" name="TB_001" time="10.509"/>
  <testcase classname="TestScripts.TC_TB_001" name="TB_001" time="17.497"/>
  <testcase classname="TestScripts.TC_TB_001" name="TB_001" time="9.577"/>
</testsuite> <!-- TestScripts.TC_TB_001 -->
