<?xml version="1.0" encoding="UTF-8"?>
<!-- Generated by org.testng.reporters.JUnitReportReporter -->
<testsuite hostname="mayankrusia" failures="0" tests="1" name="TS_016_resizable_window.TC_RW" time="32.963" errors="0" timestamp="2024-02-27T14:00:13 IST" skipped="0">
  <testcase classname="TS_016_resizable_window.TC_RW" name="RW_004" time="32.963"/>
</testsuite> <!-- TS_016_resizable_window.TC_RW -->
