<?xml version="1.0" encoding="UTF-8"?>
<!-- Generated by org.testng.reporters.JUnitReportReporter -->
<testsuite hostname="mayankrusia" failures="0" tests="4" name="TS_011_Button_openNewBrowsingWindow.TC_NBW_001" time="28.216" errors="0" timestamp="2024-02-27T21:04:12 IST" skipped="0">
  <testcase classname="TS_011_Button_openNewBrowsingWindow.TC_NBW_001" name="NBW_001" time="7.138"/>
  <testcase classname="TS_011_Button_openNewBrowsingWindow.TC_NBW_001" name="NBW_001" time="5.146"/>
  <testcase classname="TS_011_Button_openNewBrowsingWindow.TC_NBW_001" name="NBW_001" time="6.552"/>
  <testcase classname="TS_011_Button_openNewBrowsingWindow.TC_NBW_001" name="NBW_001" time="9.380"/>
</testsuite> <!-- TS_011_Button_openNewBrowsingWindow.TC_NBW_001 -->
