<?xml version="1.0" encoding="UTF-8"?>
<!-- Generated by org.testng.reporters.JUnitReportReporter -->
<testsuite hostname="mayankrusia" failures="0" tests="3" name="TS_006_Hyperlinks.TC_HL_001" time="19.636" errors="0" timestamp="2024-02-26T12:56:25 IST" skipped="0">
  <testcase classname="TS_006_Hyperlinks.TC_HL_001" name="HL_001" time="6.537"/>
  <testcase classname="TS_006_Hyperlinks.TC_HL_001" name="HL_001" time="5.977"/>
  <testcase classname="TS_006_Hyperlinks.TC_HL_001" name="HL_001" time="7.122"/>
</testsuite> <!-- TS_006_Hyperlinks.TC_HL_001 -->
