<?xml version="1.0" encoding="UTF-8"?>
<!-- Generated by org.testng.reporters.JUnitReportReporter -->
<testsuite hostname="mayankrusia" failures="0" tests="1" name="TS_015_slider.TC_Slider" time="18.674" errors="0" timestamp="2024-02-27T14:42:04 IST" skipped="0">
  <testcase classname="TS_015_slider.TC_Slider" name="Slider_004" time="18.674"/>
</testsuite> <!-- TS_015_slider.TC_Slider -->
