<?xml version="1.0" encoding="UTF-8"?>
<!-- Generated by org.testng.reporters.JUnitReportReporter -->
<testsuite hostname="mayankrusia" failures="0" tests="3" name="TS_002_RadioButtons.TC_RB_007" time="1.003" errors="0" timestamp="2024-06-28T21:14:59 IST" skipped="0">
  <testcase classname="TS_002_RadioButtons.TC_RB_007" name="TB_001" time="0.099"/>
  <testcase classname="TS_002_RadioButtons.TC_RB_007" name="TB_001" time="0.784"/>
  <testcase classname="TS_002_RadioButtons.TC_RB_007" name="TB_001" time="0.120"/>
</testsuite> <!-- TS_002_RadioButtons.TC_RB_007 -->
