<?xml version="1.0" encoding="UTF-8"?>
<!-- Generated by org.testng.reporters.JUnitReportReporter -->
<testsuite hostname="mayankrusia" failures="0" tests="1" name="TS_011_AlertBoxes.TC_AB" time="22.783" errors="0" timestamp="2024-06-29T19:02:08 IST" skipped="0">
  <testcase classname="TS_011_AlertBoxes.TC_AB" name="AB_009" time="22.783"/>
</testsuite> <!-- TS_011_AlertBoxes.TC_AB -->
