<?xml version="1.0" encoding="UTF-8"?>
<!-- Generated by org.testng.reporters.JUnitReportReporter -->
<testsuite hostname="mayankrusia" failures="0" tests="3" name="TS_013_doubleclickaction.TC_DC_001" time="22.287" errors="0" timestamp="2024-02-28T09:08:38 IST" skipped="0">
  <testcase classname="TS_013_doubleclickaction.TC_DC_001" name="PT_001" time="7.561"/>
  <testcase classname="TS_013_doubleclickaction.TC_DC_001" name="PT_001" time="8.492"/>
  <testcase classname="TS_013_doubleclickaction.TC_DC_001" name="PT_001" time="6.234"/>
</testsuite> <!-- TS_013_doubleclickaction.TC_DC_001 -->
