<?xml version="1.0" encoding="UTF-8"?>
<!-- Generated by org.testng.reporters.JUnitReportReporter -->
<testsuite hostname="mayankrusia" failures="0" tests="1" name="TS_010_Button_openNewBrowsingWindow.TC_NBW" time="17.777" errors="0" timestamp="2024-06-29T16:18:43 IST" skipped="0">
  <testcase classname="TS_010_Button_openNewBrowsingWindow.TC_NBW" name="NBW_004" time="17.777"/>
</testsuite> <!-- TS_010_Button_openNewBrowsingWindow.TC_NBW -->
