<?xml version="1.0" encoding="UTF-8"?>
<!-- Generated by org.testng.reporters.JUnitReportReporter -->
<testsuite hostname="mayankrusia" failures="0" tests="3" name="TS_010_Button_openNewBrowsingWindow.TC_NBW_001" time="19.994" errors="0" timestamp="2024-03-09T09:56:56 IST" skipped="0">
  <testcase classname="TS_010_Button_openNewBrowsingWindow.TC_NBW_001" name="NBW_001" time="7.134"/>
  <testcase classname="TS_010_Button_openNewBrowsingWindow.TC_NBW_001" name="NBW_001" time="5.284"/>
  <testcase classname="TS_010_Button_openNewBrowsingWindow.TC_NBW_001" name="NBW_001" time="7.576"/>
</testsuite> <!-- TS_010_Button_openNewBrowsingWindow.TC_NBW_001 -->
