<?xml version="1.0" encoding="UTF-8"?>
<!-- Generated by org.testng.reporters.JUnitReportReporter -->
<testsuite hostname="mayankrusia" failures="0" tests="4" name="TS_018_DatePicker.TC_DF_001" time="29.064" errors="0" timestamp="2024-02-28T13:25:54 IST" skipped="0">
  <testcase classname="TS_018_DatePicker.TC_DF_001" name="DF_001" time="12.654"/>
  <testcase classname="TS_018_DatePicker.TC_DF_001" name="DF_001" time="4.914"/>
  <testcase classname="TS_018_DatePicker.TC_DF_001" name="DF_001" time="5.760"/>
  <testcase classname="TS_018_DatePicker.TC_DF_001" name="DF_001" time="5.736"/>
</testsuite> <!-- TS_018_DatePicker.TC_DF_001 -->
