<?xml version="1.0" encoding="UTF-8"?>
<!-- Generated by org.testng.reporters.JUnitReportReporter -->
<testsuite hostname="mayankrusia" failures="0" tests="3" name="tests.TC_TB_001" time="7.111" errors="0" timestamp="2024-06-28T17:58:25 IST" skipped="0">
  <testcase classname="tests.TC_TB_001" name="TB_001" time="2.253"/>
  <testcase classname="tests.TC_TB_001" name="TB_001" time="2.164"/>
  <testcase classname="tests.TC_TB_001" name="TB_001" time="2.694"/>
</testsuite> <!-- tests.TC_TB_001 -->
