<?xml version="1.0" encoding="UTF-8"?>
<!-- Generated by org.testng.reporters.JUnitReportReporter -->
<testsuite hostname="mayankrusia" failures="0" tests="1" name="TS_002_RadioButtons.TC_RB" time="13.705" errors="0" timestamp="2024-06-28T21:28:17 IST" skipped="0">
  <testcase classname="TS_002_RadioButtons.TC_RB" name="RB_008" time="13.705"/>
</testsuite> <!-- TS_002_RadioButtons.TC_RB -->
