<?xml version="1.0" encoding="UTF-8"?>
<!-- Generated by org.testng.reporters.JUnitReportReporter -->
<testsuite hostname="mayankrusia" failures="0" tests="1" name="TS_008_WebTable.TC_WT" time="21.687" errors="0" timestamp="2024-03-03T13:10:32 IST" skipped="0">
  <testcase classname="TS_008_WebTable.TC_WT" name="WT_003" time="21.687"/>
</testsuite> <!-- TS_008_WebTable.TC_WT -->
