<?xml version="1.0" encoding="UTF-8"?>
<!-- Generated by org.testng.reporters.JUnitReportReporter -->
<testsuite hostname="mayankrusia" failures="0" tests="1" name="TS_014_drag_drop.TC_DragDrop" time="22.810" errors="0" timestamp="2024-03-03T14:35:28 IST" skipped="0">
  <testcase classname="TS_014_drag_drop.TC_DragDrop" name="DragDrop_006" time="22.810"/>
</testsuite> <!-- TS_014_drag_drop.TC_DragDrop -->
