<?xml version="1.0" encoding="UTF-8"?>
<!-- Generated by org.testng.reporters.JUnitReportReporter -->
<testsuite hostname="mayankrusia" failures="0" tests="3" name="TS_008_PaginationTable.TC_PT_001" time="17.422" errors="0" timestamp="2024-06-08T13:12:43 IST" skipped="0">
  <testcase classname="TS_008_PaginationTable.TC_PT_001" name="PT_001" time="5.870"/>
  <testcase classname="TS_008_PaginationTable.TC_PT_001" name="PT_001" time="6.415"/>
  <testcase classname="TS_008_PaginationTable.TC_PT_001" name="PT_001" time="5.137"/>
</testsuite> <!-- TS_008_PaginationTable.TC_PT_001 -->
