<?xml version="1.0" encoding="UTF-8"?>
<!-- Generated by org.testng.reporters.JUnitReportReporter -->
<testsuite hostname="mayankrusia" failures="0" tests="1" name="TS_012_doubleclickaction.TC_DC" time="18.729" errors="0" timestamp="2024-06-29T19:17:55 IST" skipped="0">
  <testcase classname="TS_012_doubleclickaction.TC_DC" name="DC_006" time="18.729"/>
</testsuite> <!-- TS_012_doubleclickaction.TC_DC -->
