<?xml version="1.0" encoding="UTF-8"?>
<!-- Generated by org.testng.reporters.JUnitReportReporter -->
<testsuite hostname="mayankrusia" failures="0" tests="1" name="TS_003_CheckBoxes.TB_CB" time="15.785" errors="0" timestamp="2024-06-28T22:00:00 IST" skipped="0">
  <testcase classname="TS_003_CheckBoxes.TB_CB" name="CB_006" time="15.785"/>
</testsuite> <!-- TS_003_CheckBoxes.TB_CB -->
