<?xml version="1.0" encoding="UTF-8"?>
<!-- Generated by org.testng.reporters.JUnitReportReporter -->
<testsuite hostname="mayankrusia" failures="0" tests="1" name="TS_017_Frames.TC_FF" time="19.018" errors="0" timestamp="2024-03-07T11:17:30 IST" skipped="0">
  <testcase classname="TS_017_Frames.TC_FF" name="FF_009" time="19.018"/>
</testsuite> <!-- TS_017_Frames.TC_FF -->
