<?xml version="1.0" encoding="UTF-8"?>
<!-- Generated by org.testng.reporters.JUnitReportReporter -->
<testsuite hostname="mayankrusia" failures="0" tests="1" name="TS_016_Frames.TC_FF" time="23.114" errors="0" timestamp="2024-06-29T22:09:37 IST" skipped="0">
  <testcase classname="TS_016_Frames.TC_FF" name="FF_009" time="23.114"/>
</testsuite> <!-- TS_016_Frames.TC_FF -->
