<?xml version="1.0" encoding="UTF-8"?>
<!-- Generated by org.testng.reporters.JUnitReportReporter -->
<testsuite hostname="mayankrusia" failures="0" tests="3" name="TS_004_Country_dropdown.TC_CDD_004" time="0.480" errors="0" timestamp="2024-06-29T11:07:38 IST" skipped="0">
  <testcase classname="TS_004_Country_dropdown.TC_CDD_004" name="CDD_004" time="0.273"/>
  <testcase classname="TS_004_Country_dropdown.TC_CDD_004" name="CDD_004" time="0.110"/>
  <testcase classname="TS_004_Country_dropdown.TC_CDD_004" name="CDD_004" time="0.097"/>
</testsuite> <!-- TS_004_Country_dropdown.TC_CDD_004 -->
