<?xml version="1.0" encoding="UTF-8"?>
<!-- Generated by org.testng.reporters.JUnitReportReporter -->
<testsuite hostname="mayankrusia" failures="0" tests="6" name="TS_012_AlertBoxes.TC_AB" time="133.692" errors="0" timestamp="2024-02-29T12:32:24 IST" skipped="0">
  <testcase classname="TS_012_AlertBoxes.TC_AB" name="AB_007" time="22.055"/>
  <testcase classname="TS_012_AlertBoxes.TC_AB" name="AB_007" time="20.441"/>
  <testcase classname="TS_012_AlertBoxes.TC_AB" name="AB_007" time="21.051"/>
  <testcase classname="TS_012_AlertBoxes.TC_AB" name="AB_007" time="22.075"/>
  <testcase classname="TS_012_AlertBoxes.TC_AB" name="AB_007" time="26.211"/>
  <testcase classname="TS_012_AlertBoxes.TC_AB" name="AB_007" time="21.859"/>
</testsuite> <!-- TS_012_AlertBoxes.TC_AB -->
