<?xml version="1.0" encoding="UTF-8"?>
<!-- Generated by org.testng.reporters.JUnitReportReporter -->
<testsuite hostname="mayankrusia" failures="0" tests="1" name="TS_014_slider.TC_Slider" time="16.870" errors="0" timestamp="2024-06-29T19:38:18 IST" skipped="0">
  <testcase classname="TS_014_slider.TC_Slider" name="Slider_004" time="16.870"/>
</testsuite> <!-- TS_014_slider.TC_Slider -->
