<?xml version="1.0" encoding="UTF-8"?>
<!-- Generated by org.testng.reporters.JUnitReportReporter -->
<testsuite hostname="mayankrusia" failures="0" tests="1" name="TS_015_resizable_window.TC_RW" time="27.152" errors="0" timestamp="2024-06-29T22:03:11 IST" skipped="0">
  <testcase classname="TS_015_resizable_window.TC_RW" name="RW_004" time="27.152"/>
</testsuite> <!-- TS_015_resizable_window.TC_RW -->
